{
  "nbformat": 4,
  "nbformat_minor": 0,
  "metadata": {
    "colab": {
      "name": "Welcome To Colaboratory",
      "provenance": [],
      "collapsed_sections": [],
      "toc_visible": true
    },
    "kernelspec": {
      "display_name": "Python 3",
      "name": "python3"
    }
  },
  "cells": [
    {
      "cell_type": "markdown",
      "metadata": {
        "colab_type": "text",
        "id": "5fCEDCU_qrC0"
      },
      "source": [
        "<p><img alt=\"Colaboratory logo\" height=\"45px\" src=\"/img/colab_favicon.ico\" align=\"left\" hspace=\"10px\" vspace=\"0px\"></p>\n",
        "\n",
        "<h1>Welcome to Colaboratory!</h1>\n",
        "\n",
        "\n",
        "Colaboratory is a free Jupyter notebook environment that requires no setup and runs entirely in the cloud.\n",
        "\n",
        "With Colaboratory you can write and execute code, save and share your analyses, and access powerful computing resources, all for free from your browser."
      ]
    },
    {
      "cell_type": "code",
      "metadata": {
        "id": "GC3CJ5Twq4I-",
        "colab_type": "code",
        "colab": {
          "base_uri": "https://localhost:8080/",
          "height": 309
        },
        "outputId": "8fd7632a-ca9d-4d1f-e099-596944e823bc"
      },
      "source": [
        "import numpy as np \n",
        "import pandas as pd \n",
        " \n",
        "def entropy(target_col): \n",
        "    val,counts = np.unique(target_col,return_counts = True) \n",
        "    ent = sum( (-counts[i]/np.sum(counts)) * np.log2( counts[i]/np.sum(counts) ) for i in range(len(val))) \n",
        "    return ent \n",
        " \n",
        "def infoGain(data,features,target): \n",
        "    te = entropy(data[target]) \n",
        "    val,counts = np.unique(data[features],return_counts = True) \n",
        "    eg = sum((counts[i]/sum(counts)) * entropy(data[data[features] == val[i]][target] ) for i in range(len(val))) \n",
        "    InfoGain = te-eg \n",
        "    return InfoGain \n",
        "def ID3(data,features,target,pnode): \n",
        "    if len(np.unique(data[target])) == 1: \n",
        "        return np.unique(data[target])[0] \n",
        "    elif len(features) == 0: \n",
        "        return pnode \n",
        "    else: \n",
        "        pnode = np.unique(data[target])[np.argmax(np.unique(data[target])[1])] \n",
        "        IG = [infoGain(data,f,target) for f in features] \n",
        "        index = np.argmax(IG) \n",
        "        col = features[index]\n",
        "        tree = {col:{}} \n",
        "        features = [f for f in features if f!=col] \n",
        "        for val in np.unique(data[col]): \n",
        "            sub_data = data[data[col]==val].dropna() \n",
        "            subtree = ID3(sub_data,features,target,pnode) \n",
        "            tree[col][val] = subtree \n",
        "        return tree \n",
        " \n",
        "data = pd.read_csv('tennis.csv') \n",
        "testData = data.sample(frac = 0.1) \n",
        "data.drop(testData.index,inplace = True) \n",
        "print(data) \n",
        "target = 'play' \n",
        "features = data.columns[data.columns!=target] \n",
        "tree = ID3(data,features,target,None) \n",
        "print (tree) \n",
        "test = testData.to_dict('records')[0] \n",
        "print(test,'=>', test['play']) \n",
        " \n",
        " "
      ],
      "execution_count": 2,
      "outputs": [
        {
          "output_type": "stream",
          "text": [
            "     outlook  temp humidity   windy play\n",
            "1      sunny   hot     high  Strong   no\n",
            "2   overcast   hot     high    Weak  yes\n",
            "3      rainy  mild     high    Weak  yes\n",
            "4      rainy  cool   normal    Weak  yes\n",
            "5      rainy  cool   normal  Strong   no\n",
            "6   overcast  cool   normal  Strong  yes\n",
            "7      sunny  mild     high    Weak   no\n",
            "8      sunny  cool   normal    Weak  yes\n",
            "9      rainy  mild   normal    Weak  yes\n",
            "10     sunny  mild   normal  Strong  yes\n",
            "11  overcast  mild     high  Strong  yes\n",
            "12  overcast   hot   normal    Weak  yes\n",
            "13     rainy  mild     high  Strong   no\n",
            "{'outlook': {'overcast': 'yes', 'rainy': {'windy': {'Strong': 'no', 'Weak': 'yes'}}, 'sunny': {'humidity': {'high': 'no', 'normal': 'yes'}}}}\n",
            "{'outlook': 'sunny', 'temp': 'hot', 'humidity': 'high', 'windy': 'Weak', 'play': 'no'} => no\n"
          ],
          "name": "stdout"
        }
      ]
    },
    {
      "cell_type": "code",
      "metadata": {
        "id": "2jw5047Dtj5f",
        "colab_type": "code",
        "colab": {}
      },
      "source": [
        "import pydot\n",
        "\n",
        "menu = {'outlook': {'overcast': 'yes', 'rainy': {'windy': {'Strong': 'no', 'Weak': 'yes'}}, 'sunny': {'humidity': {'high': 'no', 'normal': 'yes'}}}}\n",
        "\n",
        "\n",
        "def draw(parent_name, child_name):\n",
        "    edge = pydot.Edge(parent_name, child_name)\n",
        "    graph.add_edge(edge)\n",
        "\n",
        "def visit(node, parent=None):\n",
        "    for k,v in node.items():\n",
        "        if isinstance(v, dict):\n",
        "            if parent:\n",
        "                draw(parent, k)\n",
        "            visit(v, k)\n",
        "        else:\n",
        "            draw(parent, k)\n",
        "            draw(k, k+'_'+v)\n",
        "\n",
        "graph = pydot.Dot(graph_type='graph')\n",
        "visit(menu)\n",
        "\n",
        "graph.write_png('example2_graph.png')"
      ],
      "execution_count": 0,
      "outputs": []
    },
    {
      "cell_type": "code",
      "metadata": {
        "id": "TG3pVU4qxP_3",
        "colab_type": "code",
        "colab": {
          "base_uri": "https://localhost:8080/",
          "height": 547
        },
        "outputId": "d5800fdd-a671-406a-b8fd-dacf999b5641"
      },
      "source": [
        "from google.colab import drive\n",
        "drive.mount('/content/drive')"
      ],
      "execution_count": 8,
      "outputs": [
        {
          "output_type": "error",
          "ename": "KeyboardInterrupt",
          "evalue": "ignored",
          "traceback": [
            "\u001b[0;31m---------------------------------------------------------------------------\u001b[0m",
            "\u001b[0;31mKeyboardInterrupt\u001b[0m                         Traceback (most recent call last)",
            "\u001b[0;32m/usr/local/lib/python3.6/dist-packages/ipykernel/kernelbase.py\u001b[0m in \u001b[0;36m_input_request\u001b[0;34m(self, prompt, ident, parent, password)\u001b[0m\n\u001b[1;32m    729\u001b[0m             \u001b[0;32mtry\u001b[0m\u001b[0;34m:\u001b[0m\u001b[0;34m\u001b[0m\u001b[0;34m\u001b[0m\u001b[0m\n\u001b[0;32m--> 730\u001b[0;31m                 \u001b[0mident\u001b[0m\u001b[0;34m,\u001b[0m \u001b[0mreply\u001b[0m \u001b[0;34m=\u001b[0m \u001b[0mself\u001b[0m\u001b[0;34m.\u001b[0m\u001b[0msession\u001b[0m\u001b[0;34m.\u001b[0m\u001b[0mrecv\u001b[0m\u001b[0;34m(\u001b[0m\u001b[0mself\u001b[0m\u001b[0;34m.\u001b[0m\u001b[0mstdin_socket\u001b[0m\u001b[0;34m,\u001b[0m \u001b[0;36m0\u001b[0m\u001b[0;34m)\u001b[0m\u001b[0;34m\u001b[0m\u001b[0;34m\u001b[0m\u001b[0m\n\u001b[0m\u001b[1;32m    731\u001b[0m             \u001b[0;32mexcept\u001b[0m \u001b[0mException\u001b[0m\u001b[0;34m:\u001b[0m\u001b[0;34m\u001b[0m\u001b[0;34m\u001b[0m\u001b[0m\n",
            "\u001b[0;32m/usr/local/lib/python3.6/dist-packages/jupyter_client/session.py\u001b[0m in \u001b[0;36mrecv\u001b[0;34m(self, socket, mode, content, copy)\u001b[0m\n\u001b[1;32m    802\u001b[0m         \u001b[0;32mtry\u001b[0m\u001b[0;34m:\u001b[0m\u001b[0;34m\u001b[0m\u001b[0;34m\u001b[0m\u001b[0m\n\u001b[0;32m--> 803\u001b[0;31m             \u001b[0mmsg_list\u001b[0m \u001b[0;34m=\u001b[0m \u001b[0msocket\u001b[0m\u001b[0;34m.\u001b[0m\u001b[0mrecv_multipart\u001b[0m\u001b[0;34m(\u001b[0m\u001b[0mmode\u001b[0m\u001b[0;34m,\u001b[0m \u001b[0mcopy\u001b[0m\u001b[0;34m=\u001b[0m\u001b[0mcopy\u001b[0m\u001b[0;34m)\u001b[0m\u001b[0;34m\u001b[0m\u001b[0;34m\u001b[0m\u001b[0m\n\u001b[0m\u001b[1;32m    804\u001b[0m         \u001b[0;32mexcept\u001b[0m \u001b[0mzmq\u001b[0m\u001b[0;34m.\u001b[0m\u001b[0mZMQError\u001b[0m \u001b[0;32mas\u001b[0m \u001b[0me\u001b[0m\u001b[0;34m:\u001b[0m\u001b[0;34m\u001b[0m\u001b[0;34m\u001b[0m\u001b[0m\n",
            "\u001b[0;32m/usr/local/lib/python3.6/dist-packages/zmq/sugar/socket.py\u001b[0m in \u001b[0;36mrecv_multipart\u001b[0;34m(self, flags, copy, track)\u001b[0m\n\u001b[1;32m    465\u001b[0m         \"\"\"\n\u001b[0;32m--> 466\u001b[0;31m         \u001b[0mparts\u001b[0m \u001b[0;34m=\u001b[0m \u001b[0;34m[\u001b[0m\u001b[0mself\u001b[0m\u001b[0;34m.\u001b[0m\u001b[0mrecv\u001b[0m\u001b[0;34m(\u001b[0m\u001b[0mflags\u001b[0m\u001b[0;34m,\u001b[0m \u001b[0mcopy\u001b[0m\u001b[0;34m=\u001b[0m\u001b[0mcopy\u001b[0m\u001b[0;34m,\u001b[0m \u001b[0mtrack\u001b[0m\u001b[0;34m=\u001b[0m\u001b[0mtrack\u001b[0m\u001b[0;34m)\u001b[0m\u001b[0;34m]\u001b[0m\u001b[0;34m\u001b[0m\u001b[0;34m\u001b[0m\u001b[0m\n\u001b[0m\u001b[1;32m    467\u001b[0m         \u001b[0;31m# have first part already, only loop while more to receive\u001b[0m\u001b[0;34m\u001b[0m\u001b[0;34m\u001b[0m\u001b[0;34m\u001b[0m\u001b[0m\n",
            "\u001b[0;32mzmq/backend/cython/socket.pyx\u001b[0m in \u001b[0;36mzmq.backend.cython.socket.Socket.recv\u001b[0;34m()\u001b[0m\n",
            "\u001b[0;32mzmq/backend/cython/socket.pyx\u001b[0m in \u001b[0;36mzmq.backend.cython.socket.Socket.recv\u001b[0;34m()\u001b[0m\n",
            "\u001b[0;32mzmq/backend/cython/socket.pyx\u001b[0m in \u001b[0;36mzmq.backend.cython.socket._recv_copy\u001b[0;34m()\u001b[0m\n",
            "\u001b[0;32m/usr/local/lib/python3.6/dist-packages/zmq/backend/cython/checkrc.pxd\u001b[0m in \u001b[0;36mzmq.backend.cython.checkrc._check_rc\u001b[0;34m()\u001b[0m\n",
            "\u001b[0;31mKeyboardInterrupt\u001b[0m: ",
            "\nDuring handling of the above exception, another exception occurred:\n",
            "\u001b[0;31mKeyboardInterrupt\u001b[0m                         Traceback (most recent call last)",
            "\u001b[0;32m<ipython-input-8-d5df0069828e>\u001b[0m in \u001b[0;36m<module>\u001b[0;34m()\u001b[0m\n\u001b[1;32m      1\u001b[0m \u001b[0;32mfrom\u001b[0m \u001b[0mgoogle\u001b[0m\u001b[0;34m.\u001b[0m\u001b[0mcolab\u001b[0m \u001b[0;32mimport\u001b[0m \u001b[0mdrive\u001b[0m\u001b[0;34m\u001b[0m\u001b[0;34m\u001b[0m\u001b[0m\n\u001b[0;32m----> 2\u001b[0;31m \u001b[0mdrive\u001b[0m\u001b[0;34m.\u001b[0m\u001b[0mmount\u001b[0m\u001b[0;34m(\u001b[0m\u001b[0;34m'/content/drive'\u001b[0m\u001b[0;34m)\u001b[0m\u001b[0;34m\u001b[0m\u001b[0;34m\u001b[0m\u001b[0m\n\u001b[0m",
            "\u001b[0;32m/usr/local/lib/python3.6/dist-packages/google/colab/drive.py\u001b[0m in \u001b[0;36mmount\u001b[0;34m(mountpoint, force_remount, timeout_ms, use_metadata_server)\u001b[0m\n\u001b[1;32m    235\u001b[0m       \u001b[0mauth_prompt\u001b[0m \u001b[0;34m=\u001b[0m \u001b[0md\u001b[0m\u001b[0;34m.\u001b[0m\u001b[0mmatch\u001b[0m\u001b[0;34m.\u001b[0m\u001b[0mgroup\u001b[0m\u001b[0;34m(\u001b[0m\u001b[0;36m1\u001b[0m\u001b[0;34m)\u001b[0m \u001b[0;34m+\u001b[0m \u001b[0;34m'\\nEnter your authorization code:\\n'\u001b[0m\u001b[0;34m\u001b[0m\u001b[0;34m\u001b[0m\u001b[0m\n\u001b[1;32m    236\u001b[0m       \u001b[0;32mwith\u001b[0m \u001b[0mopen\u001b[0m\u001b[0;34m(\u001b[0m\u001b[0mfifo\u001b[0m\u001b[0;34m,\u001b[0m \u001b[0;34m'w'\u001b[0m\u001b[0;34m)\u001b[0m \u001b[0;32mas\u001b[0m \u001b[0mfifo_file\u001b[0m\u001b[0;34m:\u001b[0m\u001b[0;34m\u001b[0m\u001b[0;34m\u001b[0m\u001b[0m\n\u001b[0;32m--> 237\u001b[0;31m         \u001b[0mfifo_file\u001b[0m\u001b[0;34m.\u001b[0m\u001b[0mwrite\u001b[0m\u001b[0;34m(\u001b[0m\u001b[0m_getpass\u001b[0m\u001b[0;34m.\u001b[0m\u001b[0mgetpass\u001b[0m\u001b[0;34m(\u001b[0m\u001b[0mauth_prompt\u001b[0m\u001b[0;34m)\u001b[0m \u001b[0;34m+\u001b[0m \u001b[0;34m'\\n'\u001b[0m\u001b[0;34m)\u001b[0m\u001b[0;34m\u001b[0m\u001b[0;34m\u001b[0m\u001b[0m\n\u001b[0m\u001b[1;32m    238\u001b[0m       \u001b[0mwrote_to_fifo\u001b[0m \u001b[0;34m=\u001b[0m \u001b[0;32mTrue\u001b[0m\u001b[0;34m\u001b[0m\u001b[0;34m\u001b[0m\u001b[0m\n\u001b[1;32m    239\u001b[0m   \u001b[0;32mif\u001b[0m \u001b[0;32mnot\u001b[0m \u001b[0mwrote_to_fifo\u001b[0m\u001b[0;34m:\u001b[0m\u001b[0;34m\u001b[0m\u001b[0;34m\u001b[0m\u001b[0m\n",
            "\u001b[0;32m/usr/local/lib/python3.6/dist-packages/ipykernel/kernelbase.py\u001b[0m in \u001b[0;36mgetpass\u001b[0;34m(self, prompt, stream)\u001b[0m\n\u001b[1;32m    686\u001b[0m             \u001b[0mself\u001b[0m\u001b[0;34m.\u001b[0m\u001b[0m_parent_ident\u001b[0m\u001b[0;34m,\u001b[0m\u001b[0;34m\u001b[0m\u001b[0;34m\u001b[0m\u001b[0m\n\u001b[1;32m    687\u001b[0m             \u001b[0mself\u001b[0m\u001b[0;34m.\u001b[0m\u001b[0m_parent_header\u001b[0m\u001b[0;34m,\u001b[0m\u001b[0;34m\u001b[0m\u001b[0;34m\u001b[0m\u001b[0m\n\u001b[0;32m--> 688\u001b[0;31m             \u001b[0mpassword\u001b[0m\u001b[0;34m=\u001b[0m\u001b[0;32mTrue\u001b[0m\u001b[0;34m,\u001b[0m\u001b[0;34m\u001b[0m\u001b[0;34m\u001b[0m\u001b[0m\n\u001b[0m\u001b[1;32m    689\u001b[0m         )\n\u001b[1;32m    690\u001b[0m \u001b[0;34m\u001b[0m\u001b[0m\n",
            "\u001b[0;32m/usr/local/lib/python3.6/dist-packages/ipykernel/kernelbase.py\u001b[0m in \u001b[0;36m_input_request\u001b[0;34m(self, prompt, ident, parent, password)\u001b[0m\n\u001b[1;32m    733\u001b[0m             \u001b[0;32mexcept\u001b[0m \u001b[0mKeyboardInterrupt\u001b[0m\u001b[0;34m:\u001b[0m\u001b[0;34m\u001b[0m\u001b[0;34m\u001b[0m\u001b[0m\n\u001b[1;32m    734\u001b[0m                 \u001b[0;31m# re-raise KeyboardInterrupt, to truncate traceback\u001b[0m\u001b[0;34m\u001b[0m\u001b[0;34m\u001b[0m\u001b[0;34m\u001b[0m\u001b[0m\n\u001b[0;32m--> 735\u001b[0;31m                 \u001b[0;32mraise\u001b[0m \u001b[0mKeyboardInterrupt\u001b[0m\u001b[0;34m\u001b[0m\u001b[0;34m\u001b[0m\u001b[0m\n\u001b[0m\u001b[1;32m    736\u001b[0m             \u001b[0;32melse\u001b[0m\u001b[0;34m:\u001b[0m\u001b[0;34m\u001b[0m\u001b[0;34m\u001b[0m\u001b[0m\n\u001b[1;32m    737\u001b[0m                 \u001b[0;32mbreak\u001b[0m\u001b[0;34m\u001b[0m\u001b[0;34m\u001b[0m\u001b[0m\n",
            "\u001b[0;31mKeyboardInterrupt\u001b[0m: "
          ]
        }
      ]
    },
    {
      "cell_type": "code",
      "metadata": {
        "colab_type": "code",
        "id": "xitplqMNk_Hc",
        "outputId": "ed4f60d2-878d-4056-c438-352dac39a112",
        "colab": {
          "height": 420
        }
      },
      "source": [
        "#@title Introducing Colaboratory { display-mode: \"form\" }\n",
        "#@markdown This 3-minute video gives an overview of the key features of Colaboratory:\n",
        "from IPython.display import YouTubeVideo\n",
        "YouTubeVideo('inN8seMm7UI', width=600, height=400)"
      ],
      "execution_count": 0,
      "outputs": [
        {
          "output_type": "execute_result",
          "data": {
            "text/html": [
              "\n",
              "        <iframe\n",
              "            width=\"600\"\n",
              "            height=\"400\"\n",
              "            src=\"https://www.youtube.com/embed/inN8seMm7UI\"\n",
              "            frameborder=\"0\"\n",
              "            allowfullscreen\n",
              "        ></iframe>\n",
              "        "
            ],
            "text/plain": [
              "<IPython.lib.display.YouTubeVideo at 0x7f956e9dda50>"
            ]
          },
          "metadata": {
            "tags": []
          },
          "execution_count": 0
        }
      ]
    },
    {
      "cell_type": "markdown",
      "metadata": {
        "colab_type": "text",
        "id": "GJBs_flRovLc"
      },
      "source": [
        "## Getting Started\n",
        "\n",
        "The document you are reading is a  [Jupyter notebook](https://jupyter.org/), hosted in Colaboratory. It is not a static page, but an interactive environment that lets you write and execute code in Python and other languages.\n",
        "\n",
        "For example, here is a **code cell** with a short Python script that computes a value, stores it in a variable, and prints the result:"
      ]
    },
    {
      "cell_type": "code",
      "metadata": {
        "colab_type": "code",
        "id": "gJr_9dXGpJ05",
        "outputId": "5626194c-e802-4293-942d-2908885c3c1f",
        "colab": {
          "height": 35
        }
      },
      "source": [
        "seconds_in_a_day = 24 * 60 * 60\n",
        "seconds_in_a_day"
      ],
      "execution_count": 0,
      "outputs": [
        {
          "output_type": "execute_result",
          "data": {
            "text/plain": [
              "86400"
            ]
          },
          "metadata": {
            "tags": []
          },
          "execution_count": 0
        }
      ]
    },
    {
      "cell_type": "markdown",
      "metadata": {
        "colab_type": "text",
        "id": "2fhs6GZ4qFMx"
      },
      "source": [
        "To execute the code in the above cell, select it with a click and then either press the play button to the left of the code, or use the keyboard shortcut \"Command/Ctrl+Enter\".\n",
        "\n",
        "All cells modify the same global state, so variables that you define by executing a cell can be used in other cells:"
      ]
    },
    {
      "cell_type": "code",
      "metadata": {
        "colab_type": "code",
        "id": "-gE-Ez1qtyIA",
        "outputId": "8d2e4259-4682-4e19-b683-7b9087f28820",
        "colab": {
          "height": 35
        }
      },
      "source": [
        "seconds_in_a_week = 7 * seconds_in_a_day\n",
        "seconds_in_a_week"
      ],
      "execution_count": 0,
      "outputs": [
        {
          "output_type": "execute_result",
          "data": {
            "text/plain": [
              "604800"
            ]
          },
          "metadata": {
            "tags": []
          },
          "execution_count": 0
        }
      ]
    },
    {
      "cell_type": "markdown",
      "metadata": {
        "colab_type": "text",
        "id": "lSrWNr3MuFUS"
      },
      "source": [
        "For more information about working with Colaboratory notebooks, see [Overview of Colaboratory](/notebooks/basic_features_overview.ipynb).\n"
      ]
    },
    {
      "cell_type": "markdown",
      "metadata": {
        "colab_type": "text",
        "id": "-Rh3-Vt9Nev9"
      },
      "source": [
        "## More Resources\n",
        "\n",
        "Learn how to make the most of Python, Jupyter, Colaboratory, and related tools with these resources:\n",
        "\n",
        "### Working with Notebooks in Colaboratory\n",
        "- [Overview of Colaboratory](/notebooks/basic_features_overview.ipynb)\n",
        "- [Guide to Markdown](/notebooks/markdown_guide.ipynb)\n",
        "- [Importing libraries and installing dependencies](/notebooks/snippets/importing_libraries.ipynb)\n",
        "- [Saving and loading notebooks in GitHub](https://colab.research.google.com/github/googlecolab/colabtools/blob/master/notebooks/colab-github-demo.ipynb)\n",
        "- [Interactive forms](/notebooks/forms.ipynb)\n",
        "- [Interactive widgets](/notebooks/widgets.ipynb)\n",
        "- <img src=\"/img/new.png\" height=\"20px\" align=\"left\" hspace=\"4px\" alt=\"New\"></img>\n",
        " [TensorFlow 2 in Colab](/notebooks/tensorflow_version.ipynb)\n",
        "\n",
        "### Working with Data\n",
        "- [Loading data: Drive, Sheets, and Google Cloud Storage](/notebooks/io.ipynb) \n",
        "- [Charts: visualizing data](/notebooks/charts.ipynb)\n",
        "- [Getting started with BigQuery](/notebooks/bigquery.ipynb)\n",
        "\n",
        "### Machine Learning Crash Course\n",
        "These are a few of the notebooks from Google's online Machine Learning course. See the [full course website](https://developers.google.com/machine-learning/crash-course/) for more.\n",
        "- [Intro to Pandas](/notebooks/mlcc/intro_to_pandas.ipynb)\n",
        "- [Tensorflow concepts](/notebooks/mlcc/tensorflow_programming_concepts.ipynb)\n",
        "- [First steps with TensorFlow](/notebooks/mlcc/first_steps_with_tensor_flow.ipynb)\n",
        "- [Intro to neural nets](/notebooks/mlcc/intro_to_neural_nets.ipynb)\n",
        "- [Intro to sparse data and embeddings](/notebooks/mlcc/intro_to_sparse_data_and_embeddings.ipynb)\n",
        "\n",
        "### Using Accelerated Hardware\n",
        "- [TensorFlow with GPUs](/notebooks/gpu.ipynb)\n",
        "- [TensorFlow with TPUs](/notebooks/tpu.ipynb)"
      ]
    },
    {
      "cell_type": "markdown",
      "metadata": {
        "colab_type": "text",
        "id": "P-H6Lw1vyNNd"
      },
      "source": [
        "## Machine Learning Examples: Seedbank\n",
        "\n",
        "To see end-to-end examples of the interactive machine learning analyses that Colaboratory makes possible, check out the [Seedbank](https://research.google.com/seedbank/) project.\n",
        "\n",
        "A few featured examples:\n",
        "\n",
        "- [Neural Style Transfer](https://research.google.com/seedbank/seed/neural_style_transfer_with_tfkeras): Use deep learning to transfer style between images.\n",
        "- [EZ NSynth](https://research.google.com/seedbank/seed/ez_nsynth): Synthesize audio with WaveNet auto-encoders.\n",
        "- [Fashion MNIST with Keras and TPUs](https://research.google.com/seedbank/seed/fashion_mnist_with_keras_and_tpus): Classify fashion-related images with deep learning.\n",
        "- [DeepDream](https://research.google.com/seedbank/seed/deepdream): Produce DeepDream images from your own photos.\n",
        "- [Convolutional VAE](https://research.google.com/seedbank/seed/convolutional_vae): Create a generative model of handwritten digits."
      ]
    }
  ]
}